d:\c++\learning\opengl\opengl\x64\debug\vc143.pdb
d:\c++\learning\opengl\opengl\x64\debug\vc143.idb
d:\c++\learning\opengl\opengl\x64\debug\glad.obj
d:\c++\learning\opengl\opengl\x64\debug\main.obj
d:\c++\learning\opengl\opengl\x64\debug\stb.obj
d:\c++\learning\opengl\opengl\x64\debug\mouse.obj
d:\c++\learning\opengl\opengl\x64\debug\keyboard.obj
d:\c++\learning\opengl\opengl\x64\debug\joystick.obj
d:\c++\learning\opengl\opengl\x64\debug\camera.obj
d:\c++\learning\opengl\opengl\x64\debug\texture.obj
d:\c++\learning\opengl\opengl\x64\debug\shader.obj
d:\c++\learning\opengl\opengl\x64\debug\model.obj
d:\c++\learning\opengl\opengl\x64\debug\mesh.obj
d:\c++\learning\opengl\opengl\x64\debug\material.obj
d:\c++\learning\opengl\opengl\x64\debug\light.obj
d:\c++\learning\opengl\opengl\x64\debug\rigidbody.obj
d:\c++\learning\opengl\opengl\x64\debug\environment.obj
d:\c++\learning\opengl\opengl\x64\debug\bounds.obj
d:\c++\learning\opengl\opengl\x64\debug\scene.obj
d:\c++\learning\opengl\opengl\x64\debug\octree.obj
d:\c++\learning\opengl\opengl\x64\debug\text.obj
d:\c++\learning\opengl\opengl\x64\debug\cubemap.obj
d:\c++\learning\opengl\opengl\x64\debug\collisionmodel.obj
d:\c++\learning\opengl\opengl\x64\debug\vec.obj
d:\c++\learning\opengl\opengl\x64\debug\matrix.obj
d:\c++\learning\opengl\opengl\x64\debug\cmathematics.obj
d:\c++\learning\opengl\opengl\x64\debug\collisionmesh.obj
d:\c++\learning\opengl\x64\debug\opengl.exe
d:\c++\learning\opengl\x64\debug\opengl.pdb
d:\c++\learning\opengl\opengl\x64\debug\opengl.ilk
d:\c++\learning\opengl\opengl\x64\debug\screen.obj
d:\c++\learning\opengl\opengl\x64\debug\main.obj.enc
d:\c++\learning\opengl\opengl\x64\debug\opengl.tlog\cl.command.1.tlog
d:\c++\learning\opengl\opengl\x64\debug\opengl.tlog\cl.items.tlog
d:\c++\learning\opengl\opengl\x64\debug\opengl.tlog\cl.read.1.tlog
d:\c++\learning\opengl\opengl\x64\debug\opengl.tlog\cl.write.1.tlog
d:\c++\learning\opengl\opengl\x64\debug\opengl.tlog\link-cvtres.read.1.tlog
d:\c++\learning\opengl\opengl\x64\debug\opengl.tlog\link-cvtres.write.1.tlog
d:\c++\learning\opengl\opengl\x64\debug\opengl.tlog\link-rc.read.1.tlog
d:\c++\learning\opengl\opengl\x64\debug\opengl.tlog\link-rc.write.1.tlog
d:\c++\learning\opengl\opengl\x64\debug\opengl.tlog\link.17716-cvtres.read.1.tlog
d:\c++\learning\opengl\opengl\x64\debug\opengl.tlog\link.17716-cvtres.write.1.tlog
d:\c++\learning\opengl\opengl\x64\debug\opengl.tlog\link.17716-rc.read.1.tlog
d:\c++\learning\opengl\opengl\x64\debug\opengl.tlog\link.17716-rc.write.1.tlog
d:\c++\learning\opengl\opengl\x64\debug\opengl.tlog\link.17716.read.1.tlog
d:\c++\learning\opengl\opengl\x64\debug\opengl.tlog\link.17716.read.2.tlog
d:\c++\learning\opengl\opengl\x64\debug\opengl.tlog\link.17716.read.3.tlog
d:\c++\learning\opengl\opengl\x64\debug\opengl.tlog\link.17716.read.5.tlog
d:\c++\learning\opengl\opengl\x64\debug\opengl.tlog\link.17716.write.1.tlog
d:\c++\learning\opengl\opengl\x64\debug\opengl.tlog\link.command.1.tlog
d:\c++\learning\opengl\opengl\x64\debug\opengl.tlog\link.read.1.tlog
d:\c++\learning\opengl\opengl\x64\debug\opengl.tlog\link.read.2.tlog
d:\c++\learning\opengl\opengl\x64\debug\opengl.tlog\link.read.3.tlog
d:\c++\learning\opengl\opengl\x64\debug\opengl.tlog\link.read.4.tlog
d:\c++\learning\opengl\opengl\x64\debug\opengl.tlog\link.secondary.1.tlog
d:\c++\learning\opengl\opengl\x64\debug\opengl.tlog\link.write.1.tlog
